<?xml version="1.0" encoding="UTF-8"?>
<testsuite name="com.farmers.css.helloworld.integration.HelloWorldIntegrationTest" tests="1" skipped="0" failures="0" errors="0" timestamp="2017-09-20T21:34:38" hostname="ML-C02SV03GH03Q" time="0.082">
  <properties/>
  <testcase name="greeting_shouldReturn200" classname="com.farmers.css.helloworld.integration.HelloWorldIntegrationTest" time="0.082"/>
  <system-out><![CDATA[14:34:35.952 [Test worker] DEBUG org.springframework.test.context.junit4.SpringJUnit4ClassRunner - SpringJUnit4ClassRunner constructor called with [class com.farmers.css.helloworld.integration.HelloWorldIntegrationTest]
14:34:35.958 [Test worker] DEBUG org.springframework.test.context.BootstrapUtils - Instantiating CacheAwareContextLoaderDelegate from class [org.springframework.test.context.cache.DefaultCacheAwareContextLoaderDelegate]
14:34:35.965 [Test worker] DEBUG org.springframework.test.context.BootstrapUtils - Instantiating BootstrapContext using constructor [public org.springframework.test.context.support.DefaultBootstrapContext(java.lang.Class,org.springframework.test.context.CacheAwareContextLoaderDelegate)]
14:34:35.982 [Test worker] DEBUG org.springframework.test.context.BootstrapUtils - Instantiating TestContextBootstrapper for test class [com.farmers.css.helloworld.integration.HelloWorldIntegrationTest] from class [org.springframework.boot.test.context.SpringBootTestContextBootstrapper]
14:34:35.991 [Test worker] INFO org.springframework.boot.test.context.SpringBootTestContextBootstrapper - Neither @ContextConfiguration nor @ContextHierarchy found for test class [com.farmers.css.helloworld.integration.HelloWorldIntegrationTest], using SpringBootContextLoader
14:34:35.994 [Test worker] DEBUG org.springframework.test.context.support.AbstractContextLoader - Did not detect default resource location for test class [com.farmers.css.helloworld.integration.HelloWorldIntegrationTest]: class path resource [com/farmers/css/helloworld/integration/HelloWorldIntegrationTest-context.xml] does not exist
14:34:35.995 [Test worker] DEBUG org.springframework.test.context.support.AbstractContextLoader - Did not detect default resource location for test class [com.farmers.css.helloworld.integration.HelloWorldIntegrationTest]: class path resource [com/farmers/css/helloworld/integration/HelloWorldIntegrationTestContext.groovy] does not exist
14:34:35.995 [Test worker] INFO org.springframework.test.context.support.AbstractContextLoader - Could not detect default resource locations for test class [com.farmers.css.helloworld.integration.HelloWorldIntegrationTest]: no resource found for suffixes {-context.xml, Context.groovy}.
14:34:35.995 [Test worker] INFO org.springframework.test.context.support.AnnotationConfigContextLoaderUtils - Could not detect default configuration classes for test class [com.farmers.css.helloworld.integration.HelloWorldIntegrationTest]: HelloWorldIntegrationTest does not declare any static, non-private, non-final, nested classes annotated with @Configuration.
14:34:36.039 [Test worker] DEBUG org.springframework.test.context.support.ActiveProfilesUtils - Could not find an 'annotation declaring class' for annotation type [org.springframework.test.context.ActiveProfiles] and class [com.farmers.css.helloworld.integration.HelloWorldIntegrationTest]
14:34:36.044 [Test worker] DEBUG org.springframework.core.env.StandardEnvironment - Adding PropertySource 'systemProperties' with lowest search precedence
14:34:36.044 [Test worker] DEBUG org.springframework.core.env.StandardEnvironment - Adding PropertySource 'systemEnvironment' with lowest search precedence
14:34:36.045 [Test worker] DEBUG org.springframework.core.env.StandardEnvironment - Initialized StandardEnvironment with PropertySources [MapPropertySource@1936748054 {name='systemProperties', properties={java.runtime.name=Java(TM) SE Runtime Environment, sun.boot.library.path=/Library/Java/JavaVirtualMachines/jdk1.8.0_121.jdk/Contents/Home/jre/lib, java.vm.version=25.121-b13, gopherProxySet=false, java.vm.vendor=Oracle Corporation, java.vendor.url=http://java.oracle.com/, path.separator=:, java.vm.name=Java HotSpot(TM) 64-Bit Server VM, file.encoding.pkg=sun.io, sun.java.launcher=SUN_STANDARD, user.country=US, sun.os.patch.level=unknown, java.vm.specification.name=Java Virtual Machine Specification, user.dir=/Users/pouyakarimi/workspace/helloWorld, java.runtime.version=1.8.0_121-b13, java.awt.graphicsenv=sun.awt.CGraphicsEnvironment, java.endorsed.dirs=/Library/Java/JavaVirtualMachines/jdk1.8.0_121.jdk/Contents/Home/jre/lib/endorsed, os.arch=x86_64, java.io.tmpdir=/var/folders/5t/1f1_6spj55l2rgzj48c9c3xw0000gp/T/, line.separator=
, java.vm.specification.vendor=Oracle Corporation, user.variant=, os.name=Mac OS X, sun.jnu.encoding=UTF-8, java.library.path=/Users/pouyakarimi/Library/Java/Extensions:/Library/Java/Extensions:/Network/Library/Java/Extensions:/System/Library/Java/Extensions:/usr/lib/java:., java.specification.name=Java Platform API Specification, java.class.version=52.0, sun.management.compiler=HotSpot 64-Bit Tiered Compilers, os.version=10.12.4, http.nonProxyHosts=local|*.local|169.254/16|*.169.254/16|localhost|*.localhost, user.home=/Users/pouyakarimi, user.timezone=America/Los_Angeles, java.awt.printerjob=sun.lwawt.macosx.CPrinterJob, file.encoding=UTF-8, java.specification.version=1.8, java.class.path=/Users/pouyakarimi/workspace/helloWorld/build/classes/test:/Users/pouyakarimi/workspace/helloWorld/build/resources/test:/Users/pouyakarimi/workspace/helloWorld/build/classes/main:/Users/pouyakarimi/workspace/helloWorld/build/resources/main:/Users/pouyakarimi/.gradle/caches/modules-2/files-2.1/org.springframework.boot/spring-boot-starter-actuator/1.5.7.RELEASE/c8058080955524edbbacda602f25d1c5fdf2a3a9/spring-boot-starter-actuator-1.5.7.RELEASE.jar:/Users/pouyakarimi/.gradle/caches/modules-2/files-2.1/org.springframework.boot/spring-boot-starter-web/1.5.7.RELEASE/a862305be8b7512a41f6768d825ed37251ccbbe0/spring-boot-starter-web-1.5.7.RELEASE.jar:/Users/pouyakarimi/.gradle/caches/modules-2/files-2.1/org.flywaydb/flyway-core/4.2.0/1cbe078e49e81ef13b5eafd54552feac0a55c19e/flyway-core-4.2.0.jar:/Users/pouyakarimi/.gradle/caches/modules-2/files-2.1/org.springframework.boot/spring-boot-starter-test/1.5.7.RELEASE/d23f37a72c2d4e46aba66bc69a649213f9cadeee/spring-boot-starter-test-1.5.7.RELEASE.jar:/Users/pouyakarimi/.gradle/caches/modules-2/files-2.1/org.springframework.restdocs/spring-restdocs-core/1.2.1.RELEASE/97e10c064699c1cfc5c277e575ce7aaad898e010/spring-restdocs-core-1.2.1.RELEASE.jar:/Users/pouyakarimi/.gradle/caches/modules-2/files-2.1/org.springframework.restdocs/spring-restdocs-mockmvc/1.2.1.RELEASE/1c890adee97b7c14136b37d72b89ce59542fd045/spring-restdocs-mockmvc-1.2.1.RELEASE.jar:/Users/pouyakarimi/.gradle/caches/modules-2/files-2.1/org.springframework.boot/spring-boot-starter/1.5.7.RELEASE/b42fe6962dd8b3be4ac8c1d7134d0ca2d0a35c7e/spring-boot-starter-1.5.7.RELEASE.jar:/Users/pouyakarimi/.gradle/caches/modules-2/files-2.1/org.springframework.boot/spring-boot-actuator/1.5.7.RELEASE/ff3124e2359be5e6c0d9cc501bf214413a329fee/spring-boot-actuator-1.5.7.RELEASE.jar:/Users/pouyakarimi/.gradle/caches/modules-2/files-2.1/org.springframework.boot/spring-boot-starter-tomcat/1.5.7.RELEASE/eae533e2a0111a51d812912acb3d3e2368736d1b/spring-boot-starter-tomcat-1.5.7.RELEASE.jar:/Users/pouyakarimi/.gradle/caches/modules-2/files-2.1/org.hibernate/hibernate-validator/5.3.5.Final/622a9bcef2eed6d41b5b8e0662c36212009e375/hibernate-validator-5.3.5.Final.jar:/Users/pouyakarimi/.gradle/caches/modules-2/files-2.1/com.fasterxml.jackson.core/jackson-databind/2.8.10/f7b83cb2bc4b88d53961e749e1ad32f49ef017b7/jackson-databind-2.8.10.jar:/Users/pouyakarimi/.gradle/caches/modules-2/files-2.1/org.springframework/spring-web/4.3.11.RELEASE/50a3dfce550bdf9459dfb2c6282aa104b040258e/spring-web-4.3.11.RELEASE.jar:/Users/pouyakarimi/.gradle/caches/modules-2/files-2.1/org.springframework/spring-webmvc/4.3.11.RELEASE/814f91ec4dc324e724bbe7cbc5045b234604c539/spring-webmvc-4.3.11.RELEASE.jar:/Users/pouyakarimi/.gradle/caches/modules-2/files-2.1/org.springframework.boot/spring-boot-test/1.5.7.RELEASE/b8d77445d48f4320f404d8f13f4e5cb95bc36b30/spring-boot-test-1.5.7.RELEASE.jar:/Users/pouyakarimi/.gradle/caches/modules-2/files-2.1/org.springframework.boot/spring-boot-test-autoconfigure/1.5.7.RELEASE/8bead16b97c9f1b5fe7c47f3e030dd9351a6974d/spring-boot-test-autoconfigure-1.5.7.RELEASE.jar:/Users/pouyakarimi/.gradle/caches/modules-2/files-2.1/com.jayway.jsonpath/json-path/2.2.0/22290d17944bd239fabf5ac69005a60a7ecbbbcb/json-path-2.2.0.jar:/Users/pouyakarimi/.gradle/caches/modules-2/files-2.1/junit/junit/4.12/2973d150c0dc1fefe998f834810d68f278ea58ec/junit-4.12.jar:/Users/pouyakarimi/.gradle/caches/modules-2/files-2.1/org.assertj/assertj-core/2.6.0/b532c3fc4f66bcfee4989a3514f1cd56203a33ad/assertj-core-2.6.0.jar:/Users/pouyakarimi/.gradle/caches/modules-2/files-2.1/org.mockito/mockito-core/1.10.19/e8546f5bef4e061d8dd73895b4e8f40e3fe6effe/mockito-core-1.10.19.jar:/Users/pouyakarimi/.gradle/caches/modules-2/files-2.1/org.hamcrest/hamcrest-core/1.3/42a25dc3219429f0e5d060061f71acb49bf010a0/hamcrest-core-1.3.jar:/Users/pouyakarimi/.gradle/caches/modules-2/files-2.1/org.hamcrest/hamcrest-library/1.3/4785a3c21320980282f9f33d0d1264a69040538f/hamcrest-library-1.3.jar:/Users/pouyakarimi/.gradle/caches/modules-2/files-2.1/org.skyscreamer/jsonassert/1.4.0/9cdbb373a06f6513e51e8c545ee6a5e981463edb/jsonassert-1.4.0.jar:/Users/pouyakarimi/.gradle/caches/modules-2/files-2.1/org.springframework/spring-core/4.3.11.RELEASE/eb30ed093f628279d3aead068fd478fa343f1dad/spring-core-4.3.11.RELEASE.jar:/Users/pouyakarimi/.gradle/caches/modules-2/files-2.1/org.springframework/spring-test/4.3.11.RELEASE/cf765b5d6d6bdc38c67522ecae3fe9549da43e1/spring-test-4.3.11.RELEASE.jar:/Users/pouyakarimi/.gradle/caches/modules-2/files-2.1/javax.servlet/javax.servlet-api/3.1.0/3cd63d075497751784b2fa84be59432f4905bf7c/javax.servlet-api-3.1.0.jar:/Users/pouyakarimi/.gradle/caches/modules-2/files-2.1/org.springframework.boot/spring-boot/1.5.7.RELEASE/1006870df7b3dc203df7ce84463c5dd7049fdaa4/spring-boot-1.5.7.RELEASE.jar:/Users/pouyakarimi/.gradle/caches/modules-2/files-2.1/org.springframework.boot/spring-boot-autoconfigure/1.5.7.RELEASE/e83f1407ff991e9e7eb156f49fa19d868bb73289/spring-boot-autoconfigure-1.5.7.RELEASE.jar:/Users/pouyakarimi/.gradle/caches/modules-2/files-2.1/org.springframework.boot/spring-boot-starter-logging/1.5.7.RELEASE/c84c4ea09d7f789a0d5e936a961471e5dbd9295e/spring-boot-starter-logging-1.5.7.RELEASE.jar:/Users/pouyakarimi/.gradle/caches/modules-2/files-2.1/org.yaml/snakeyaml/1.17/7a27ea250c5130b2922b86dea63cbb1cc10a660c/snakeyaml-1.17.jar:/Users/pouyakarimi/.gradle/caches/modules-2/files-2.1/org.springframework/spring-context/4.3.11.RELEASE/3efec2d7c7469d49108a2b21c3f15831f7297569/spring-context-4.3.11.RELEASE.jar:/Users/pouyakarimi/.gradle/caches/modules-2/files-2.1/org.apache.tomcat.embed/tomcat-embed-core/8.5.20/b9026ee20f1f6a2b0fc3e51dd806d800901448b0/tomcat-embed-core-8.5.20.jar:/Users/pouyakarimi/.gradle/caches/modules-2/files-2.1/org.apache.tomcat.embed/tomcat-embed-el/8.5.20/42960f481a8a80f4ffd3b865c2232820e3565bf1/tomcat-embed-el-8.5.20.jar:/Users/pouyakarimi/.gradle/caches/modules-2/files-2.1/org.apache.tomcat.embed/tomcat-embed-websocket/8.5.20/4df9055507926a2651f691cc9964c50493a0ab29/tomcat-embed-websocket-8.5.20.jar:/Users/pouyakarimi/.gradle/caches/modules-2/files-2.1/javax.validation/validation-api/1.1.0.Final/8613ae82954779d518631e05daa73a6a954817d5/validation-api-1.1.0.Final.jar:/Users/pouyakarimi/.gradle/caches/modules-2/files-2.1/org.jboss.logging/jboss-logging/3.3.1.Final/c46217ab74b532568c0ed31dc599db3048bd1b67/jboss-logging-3.3.1.Final.jar:/Users/pouyakarimi/.gradle/caches/modules-2/files-2.1/com.fasterxml/classmate/1.3.4/3d5f48f10bbe4eb7bd862f10c0583be2e0053c6/classmate-1.3.4.jar:/Users/pouyakarimi/.gradle/caches/modules-2/files-2.1/com.fasterxml.jackson.core/jackson-annotations/2.8.0/45b426f7796b741035581a176744d91090e2e6fb/jackson-annotations-2.8.0.jar:/Users/pouyakarimi/.gradle/caches/modules-2/files-2.1/com.fasterxml.jackson.core/jackson-core/2.8.10/eb21a035c66ad307e66ec8fce37f5d50fd62d039/jackson-core-2.8.10.jar:/Users/pouyakarimi/.gradle/caches/modules-2/files-2.1/org.springframework/spring-aop/4.3.11.RELEASE/461d0bb58f1de30203d9331adf4b51de9554de5a/spring-aop-4.3.11.RELEASE.jar:/Users/pouyakarimi/.gradle/caches/modules-2/files-2.1/org.springframework/spring-beans/4.3.11.RELEASE/591cc35fd39292adae13f01aa13e978d0bb11936/spring-beans-4.3.11.RELEASE.jar:/Users/pouyakarimi/.gradle/caches/modules-2/files-2.1/org.springframework/spring-expression/4.3.11.RELEASE/fca662a2fccdad90ec22b2aaecb021047dcbe249/spring-expression-4.3.11.RELEASE.jar:/Users/pouyakarimi/.gradle/caches/modules-2/files-2.1/net.minidev/json-smart/2.2.1/5b9e5df7a62d1279b70dc882b041d249c4f0b002/json-smart-2.2.1.jar:/Users/pouyakarimi/.gradle/caches/modules-2/files-2.1/org.slf4j/slf4j-api/1.7.25/da76ca59f6a57ee3102f8f9bd9cee742973efa8a/slf4j-api-1.7.25.jar:/Users/pouyakarimi/.gradle/caches/modules-2/files-2.1/org.objenesis/objenesis/2.1/87c0ea803b69252868d09308b4618f766f135a96/objenesis-2.1.jar:/Users/pouyakarimi/.gradle/caches/modules-2/files-2.1/com.vaadin.external.google/android-json/0.0.20131108.vaadin1/fa26d351fe62a6a17f5cda1287c1c6110dec413f/android-json-0.0.20131108.vaadin1.jar:/Users/pouyakarimi/.gradle/caches/modules-2/files-2.1/ch.qos.logback/logback-classic/1.1.11/ccedfbacef4a6515d2983e3f89ed753d5d4fb665/logback-classic-1.1.11.jar:/Users/pouyakarimi/.gradle/caches/modules-2/files-2.1/org.slf4j/jcl-over-slf4j/1.7.25/f8c32b13ff142a513eeb5b6330b1588dcb2c0461/jcl-over-slf4j-1.7.25.jar:/Users/pouyakarimi/.gradle/caches/modules-2/files-2.1/org.slf4j/jul-to-slf4j/1.7.25/af5364cd6679bfffb114f0dec8a157aaa283b76/jul-to-slf4j-1.7.25.jar:/Users/pouyakarimi/.gradle/caches/modules-2/files-2.1/org.slf4j/log4j-over-slf4j/1.7.25/a87bb47468f47ee7aabbd54f93e133d4215769c3/log4j-over-slf4j-1.7.25.jar:/Users/pouyakarimi/.gradle/caches/modules-2/files-2.1/net.minidev/accessors-smart/1.1/a527213f2fea112a04c9bdf0ec0264e34104cd08/accessors-smart-1.1.jar:/Users/pouyakarimi/.gradle/caches/modules-2/files-2.1/ch.qos.logback/logback-core/1.1.11/88b8df40340eed549fb07e2613879bf6b006704d/logback-core-1.1.11.jar:/Users/pouyakarimi/.gradle/caches/modules-2/files-2.1/org.ow2.asm/asm/5.0.3/dcc2193db20e19e1feca8b1240dbbc4e190824fa/asm-5.0.3.jar, user.name=pouyakarimi, java.vm.specification.version=1.8, sun.java.command=worker.org.gradle.process.internal.worker.GradleWorkerMain 'Gradle Test Executor 1', java.home=/Library/Java/JavaVirtualMachines/jdk1.8.0_121.jdk/Contents/Home/jre, sun.arch.data.model=64, user.language=en, java.specification.vendor=Oracle Corporation, awt.toolkit=sun.lwawt.macosx.LWCToolkit, java.vm.info=mixed mode, java.version=1.8.0_121, java.ext.dirs=/Users/pouyakarimi/Library/Java/Extensions:/Library/Java/JavaVirtualMachines/jdk1.8.0_121.jdk/Contents/Home/jre/lib/ext:/Library/Java/Extensions:/Network/Library/Java/Extensions:/System/Library/Java/Extensions:/usr/lib/java, sun.boot.class.path=/Library/Java/JavaVirtualMachines/jdk1.8.0_121.jdk/Contents/Home/jre/lib/resources.jar:/Library/Java/JavaVirtualMachines/jdk1.8.0_121.jdk/Contents/Home/jre/lib/rt.jar:/Library/Java/JavaVirtualMachines/jdk1.8.0_121.jdk/Contents/Home/jre/lib/sunrsasign.jar:/Library/Java/JavaVirtualMachines/jdk1.8.0_121.jdk/Contents/Home/jre/lib/jsse.jar:/Library/Java/JavaVirtualMachines/jdk1.8.0_121.jdk/Contents/Home/jre/lib/jce.jar:/Library/Java/JavaVirtualMachines/jdk1.8.0_121.jdk/Contents/Home/jre/lib/charsets.jar:/Library/Java/JavaVirtualMachines/jdk1.8.0_121.jdk/Contents/Home/jre/lib/jfr.jar:/Library/Java/JavaVirtualMachines/jdk1.8.0_121.jdk/Contents/Home/jre/classes, java.vendor=Oracle Corporation, org.gradle.test.worker=1, file.separator=/, java.vendor.url.bug=http://bugreport.sun.com/bugreport/, sun.io.unicode.encoding=UnicodeBig, sun.cpu.endian=little, socksNonProxyHosts=local|*.local|169.254/16|*.169.254/16|localhost|*.localhost, ftp.nonProxyHosts=local|*.local|169.254/16|*.169.254/16|localhost|*.localhost, sun.cpu.isalist=}}, SystemEnvironmentPropertySource@1387361492 {name='systemEnvironment', properties={PATH=/usr/local/bin:/usr/bin:/bin:/usr/sbin:/sbin, HISTCONTROL=ignorespace:erasedups, JAVA_ARCH=x86_64, GIT_DUET_ROTATING_AUTHORS=1, GREP_COLOR=1;33, HISTSIZE=5000, TERM=xterm-256color, BASH_IT=/Users/pouyakarimi/.bash_it, COMMAND_MODE=unix2003, APP_NAME_34954=Gradle, IRC_CLIENT=irssi, PHANTOMJS_BIN=/usr/local/lib/node_modules/phantomjs/lib/phantom/bin/phantomjs, AUTOFEATURE=true autotest, BASH_IT_THEME=bobby, JAVA_MAIN_CLASS_34954=org.gradle.wrapper.GradleWrapperMain, LOGNAME=pouyakarimi, PWD=/Users/pouyakarimi/workspace/helloWorld, XPC_SERVICE_NAME=0, TODO=t, SHELL=/bin/bash, GIT_HOSTING=git@git.domain.com, LSCOLORS=Gxfxcxdxdxegedabagacad, APP_ICON_34954=/Users/pouyakarimi/workspace/helloWorld/media/gradle.icns, SCM_CHECK=true, OLDPWD=/Users/pouyakarimi/workspace/helloWorld, SECURITYSESSIONID=186a7, USER=pouyakarimi, TMPDIR=/var/folders/5t/1f1_6spj55l2rgzj48c9c3xw0000gp/T/, SSH_AUTH_SOCK=/private/tmp/com.apple.launchd.MiuLe8TxbO/Listeners, XPC_FLAGS=0x0, JAVA_MAIN_CLASS_34967=worker.org.gradle.process.internal.worker.GradleWorkerMain, __CF_USER_TEXT_ENCODING=0x1F6:0x0:0x0, Apple_PubSub_Socket_Render=/private/tmp/com.apple.launchd.voO7cuZRIZ/Render, com.apple.java.jvmTask=CommandLine, LC_CTYPE=en_US.UTF-8, SHLVL=1, HOME=/Users/pouyakarimi}}]
14:34:36.055 [Test worker] DEBUG org.springframework.core.io.support.PathMatchingResourcePatternResolver - Resolved classpath location [com/farmers/css/helloworld/integration/] to resources [URL [file:/Users/pouyakarimi/workspace/helloWorld/build/classes/test/com/farmers/css/helloworld/integration/]]
14:34:36.055 [Test worker] DEBUG org.springframework.core.io.support.PathMatchingResourcePatternResolver - Looking for matching resources in directory tree [/Users/pouyakarimi/workspace/helloWorld/build/classes/test/com/farmers/css/helloworld/integration]
14:34:36.055 [Test worker] DEBUG org.springframework.core.io.support.PathMatchingResourcePatternResolver - Searching directory [/Users/pouyakarimi/workspace/helloWorld/build/classes/test/com/farmers/css/helloworld/integration] for files matching pattern [/Users/pouyakarimi/workspace/helloWorld/build/classes/test/com/farmers/css/helloworld/integration/*.class]
14:34:36.057 [Test worker] DEBUG org.springframework.core.io.support.PathMatchingResourcePatternResolver - Resolved location pattern [classpath*:com/farmers/css/helloworld/integration/*.class] to resources [file [/Users/pouyakarimi/workspace/helloWorld/build/classes/test/com/farmers/css/helloworld/integration/HelloWorldIntegrationTest.class]]
14:34:36.069 [Test worker] DEBUG org.springframework.core.io.support.PathMatchingResourcePatternResolver - Resolved classpath location [com/farmers/css/helloworld/] to resources [URL [file:/Users/pouyakarimi/workspace/helloWorld/build/classes/test/com/farmers/css/helloworld/], URL [file:/Users/pouyakarimi/workspace/helloWorld/build/classes/main/com/farmers/css/helloworld/]]
14:34:36.069 [Test worker] DEBUG org.springframework.core.io.support.PathMatchingResourcePatternResolver - Looking for matching resources in directory tree [/Users/pouyakarimi/workspace/helloWorld/build/classes/test/com/farmers/css/helloworld]
14:34:36.070 [Test worker] DEBUG org.springframework.core.io.support.PathMatchingResourcePatternResolver - Searching directory [/Users/pouyakarimi/workspace/helloWorld/build/classes/test/com/farmers/css/helloworld] for files matching pattern [/Users/pouyakarimi/workspace/helloWorld/build/classes/test/com/farmers/css/helloworld/*.class]
14:34:36.070 [Test worker] DEBUG org.springframework.core.io.support.PathMatchingResourcePatternResolver - Looking for matching resources in directory tree [/Users/pouyakarimi/workspace/helloWorld/build/classes/main/com/farmers/css/helloworld]
14:34:36.070 [Test worker] DEBUG org.springframework.core.io.support.PathMatchingResourcePatternResolver - Searching directory [/Users/pouyakarimi/workspace/helloWorld/build/classes/main/com/farmers/css/helloworld] for files matching pattern [/Users/pouyakarimi/workspace/helloWorld/build/classes/main/com/farmers/css/helloworld/*.class]
14:34:36.071 [Test worker] DEBUG org.springframework.core.io.support.PathMatchingResourcePatternResolver - Resolved location pattern [classpath*:com/farmers/css/helloworld/*.class] to resources [file [/Users/pouyakarimi/workspace/helloWorld/build/classes/main/com/farmers/css/helloworld/HelloWorldApplication.class]]
14:34:36.092 [Test worker] DEBUG org.springframework.context.annotation.ClassPathScanningCandidateComponentProvider - Identified candidate component class: file [/Users/pouyakarimi/workspace/helloWorld/build/classes/main/com/farmers/css/helloworld/HelloWorldApplication.class]
14:34:36.093 [Test worker] INFO org.springframework.boot.test.context.SpringBootTestContextBootstrapper - Found @SpringBootConfiguration com.farmers.css.helloworld.HelloWorldApplication for test class com.farmers.css.helloworld.integration.HelloWorldIntegrationTest
14:34:36.096 [Test worker] DEBUG org.springframework.boot.test.context.SpringBootTestContextBootstrapper - @TestExecutionListeners is not present for class [com.farmers.css.helloworld.integration.HelloWorldIntegrationTest]: using defaults.
14:34:36.100 [Test worker] INFO org.springframework.boot.test.context.SpringBootTestContextBootstrapper - Loaded default TestExecutionListener class names from location [META-INF/spring.factories]: [org.springframework.boot.test.mock.mockito.MockitoTestExecutionListener, org.springframework.boot.test.mock.mockito.ResetMocksTestExecutionListener, org.springframework.boot.test.autoconfigure.restdocs.RestDocsTestExecutionListener, org.springframework.boot.test.autoconfigure.web.client.MockRestServiceServerResetTestExecutionListener, org.springframework.boot.test.autoconfigure.web.servlet.MockMvcPrintOnlyOnFailureTestExecutionListener, org.springframework.boot.test.autoconfigure.web.servlet.WebDriverTestExecutionListener, org.springframework.test.context.web.ServletTestExecutionListener, org.springframework.test.context.support.DirtiesContextBeforeModesTestExecutionListener, org.springframework.test.context.support.DependencyInjectionTestExecutionListener, org.springframework.test.context.support.DirtiesContextTestExecutionListener, org.springframework.test.context.transaction.TransactionalTestExecutionListener, org.springframework.test.context.jdbc.SqlScriptsTestExecutionListener]
14:34:36.108 [Test worker] INFO org.springframework.boot.test.context.SpringBootTestContextBootstrapper - Could not instantiate TestExecutionListener [org.springframework.test.context.jdbc.SqlScriptsTestExecutionListener]. Specify custom listener classes or make the default listener classes (and their required dependencies) available. Offending class: [org/springframework/transaction/interceptor/TransactionAttribute]
14:34:36.111 [Test worker] INFO org.springframework.boot.test.context.SpringBootTestContextBootstrapper - Could not instantiate TestExecutionListener [org.springframework.test.context.transaction.TransactionalTestExecutionListener]. Specify custom listener classes or make the default listener classes (and their required dependencies) available. Offending class: [org/springframework/transaction/interceptor/TransactionAttributeSource]
14:34:36.112 [Test worker] INFO org.springframework.boot.test.context.SpringBootTestContextBootstrapper - Using TestExecutionListeners: [org.springframework.test.context.web.ServletTestExecutionListener@56ebf60a, org.springframework.test.context.support.DirtiesContextBeforeModesTestExecutionListener@4ad82b99, org.springframework.boot.test.autoconfigure.SpringBootDependencyInjectionTestExecutionListener@56084fd0, org.springframework.test.context.support.DirtiesContextTestExecutionListener@1447ee80, org.springframework.boot.test.autoconfigure.restdocs.RestDocsTestExecutionListener@1d9511a4, org.springframework.boot.test.mock.mockito.MockitoTestExecutionListener@169a656c, org.springframework.boot.test.mock.mockito.ResetMocksTestExecutionListener@278dea0, org.springframework.boot.test.autoconfigure.web.servlet.MockMvcPrintOnlyOnFailureTestExecutionListener@29601381, org.springframework.boot.test.autoconfigure.web.client.MockRestServiceServerResetTestExecutionListener@1c4d2f38, org.springframework.boot.test.autoconfigure.web.servlet.WebDriverTestExecutionListener@593988d8]
14:34:36.113 [Test worker] DEBUG org.springframework.test.annotation.ProfileValueUtils - Retrieved @ProfileValueSourceConfiguration [null] for test class [com.farmers.css.helloworld.integration.HelloWorldIntegrationTest]
14:34:36.114 [Test worker] DEBUG org.springframework.test.annotation.ProfileValueUtils - Retrieved ProfileValueSource type [class org.springframework.test.annotation.SystemProfileValueSource] for class [com.farmers.css.helloworld.integration.HelloWorldIntegrationTest]
14:34:36.114 [Test worker] DEBUG org.springframework.test.annotation.ProfileValueUtils - Retrieved @ProfileValueSourceConfiguration [null] for test class [com.farmers.css.helloworld.integration.HelloWorldIntegrationTest]
14:34:36.114 [Test worker] DEBUG org.springframework.test.annotation.ProfileValueUtils - Retrieved ProfileValueSource type [class org.springframework.test.annotation.SystemProfileValueSource] for class [com.farmers.css.helloworld.integration.HelloWorldIntegrationTest]
14:34:36.118 [Test worker] DEBUG org.springframework.test.context.support.AbstractDirtiesContextTestExecutionListener - Before test class: context [DefaultTestContext@5aab6040 testClass = HelloWorldIntegrationTest, testInstance = [null], testMethod = [null], testException = [null], mergedContextConfiguration = [WebMergedContextConfiguration@58f1a62a testClass = HelloWorldIntegrationTest, locations = '{}', classes = '{class com.farmers.css.helloworld.HelloWorldApplication}', contextInitializerClasses = '[]', activeProfiles = '{}', propertySourceLocations = '{}', propertySourceProperties = '{org.springframework.boot.test.context.SpringBootTestContextBootstrapper=true}', contextCustomizers = set[[ImportsContextCustomizer@e6cb856 key = [org.springframework.boot.test.autoconfigure.web.servlet.MockMvcAutoConfiguration, org.springframework.boot.test.autoconfigure.web.servlet.MockMvcSecurityAutoConfiguration, org.springframework.boot.test.autoconfigure.web.servlet.MockMvcWebClientAutoConfiguration, org.springframework.boot.test.autoconfigure.web.servlet.MockMvcWebDriverAutoConfiguration]], org.springframework.boot.test.context.SpringBootTestContextCustomizer@29e577ac, org.springframework.boot.test.context.filter.ExcludeFilterContextCustomizer@918ca7d, org.springframework.boot.test.json.DuplicateJsonObjectContextCustomizerFactory$DuplicateJsonObjectContextCustomizer@73ce77e6, org.springframework.boot.test.mock.mockito.MockitoContextCustomizer@0, org.springframework.boot.test.autoconfigure.properties.PropertyMappingContextCustomizer@e7e8512, org.springframework.boot.test.autoconfigure.web.servlet.WebDriverContextCustomizerFactory$Customizer@7a856257, org.springframework.test.context.web.socket.MockServerContainerContextCustomizer@7ff2281a], resourceBasePath = 'src/main/webapp', contextLoader = 'org.springframework.boot.test.context.SpringBootContextLoader', parent = [null]]], class annotated with @DirtiesContext [false] with mode [null].
14:34:36.118 [Test worker] DEBUG org.springframework.test.annotation.ProfileValueUtils - Retrieved @ProfileValueSourceConfiguration [null] for test class [com.farmers.css.helloworld.integration.HelloWorldIntegrationTest]
14:34:36.118 [Test worker] DEBUG org.springframework.test.annotation.ProfileValueUtils - Retrieved ProfileValueSource type [class org.springframework.test.annotation.SystemProfileValueSource] for class [com.farmers.css.helloworld.integration.HelloWorldIntegrationTest]
14:34:36.170 [Test worker] DEBUG org.springframework.core.env.StandardEnvironment - Adding PropertySource 'systemProperties' with lowest search precedence
14:34:36.170 [Test worker] DEBUG org.springframework.core.env.StandardEnvironment - Adding PropertySource 'systemEnvironment' with lowest search precedence
14:34:36.171 [Test worker] DEBUG org.springframework.core.env.StandardEnvironment - Initialized StandardEnvironment with PropertySources [MapPropertySource@1383484854 {name='systemProperties', properties={java.runtime.name=Java(TM) SE Runtime Environment, sun.boot.library.path=/Library/Java/JavaVirtualMachines/jdk1.8.0_121.jdk/Contents/Home/jre/lib, java.vm.version=25.121-b13, gopherProxySet=false, java.vm.vendor=Oracle Corporation, java.vendor.url=http://java.oracle.com/, path.separator=:, java.vm.name=Java HotSpot(TM) 64-Bit Server VM, file.encoding.pkg=sun.io, sun.java.launcher=SUN_STANDARD, user.country=US, sun.os.patch.level=unknown, java.vm.specification.name=Java Virtual Machine Specification, user.dir=/Users/pouyakarimi/workspace/helloWorld, java.runtime.version=1.8.0_121-b13, java.awt.graphicsenv=sun.awt.CGraphicsEnvironment, java.endorsed.dirs=/Library/Java/JavaVirtualMachines/jdk1.8.0_121.jdk/Contents/Home/jre/lib/endorsed, os.arch=x86_64, java.io.tmpdir=/var/folders/5t/1f1_6spj55l2rgzj48c9c3xw0000gp/T/, line.separator=
, java.vm.specification.vendor=Oracle Corporation, user.variant=, os.name=Mac OS X, sun.jnu.encoding=UTF-8, java.library.path=/Users/pouyakarimi/Library/Java/Extensions:/Library/Java/Extensions:/Network/Library/Java/Extensions:/System/Library/Java/Extensions:/usr/lib/java:., java.specification.name=Java Platform API Specification, java.class.version=52.0, sun.management.compiler=HotSpot 64-Bit Tiered Compilers, os.version=10.12.4, http.nonProxyHosts=local|*.local|169.254/16|*.169.254/16|localhost|*.localhost, user.home=/Users/pouyakarimi, user.timezone=America/Los_Angeles, java.awt.printerjob=sun.lwawt.macosx.CPrinterJob, file.encoding=UTF-8, java.specification.version=1.8, java.class.path=/Users/pouyakarimi/workspace/helloWorld/build/classes/test:/Users/pouyakarimi/workspace/helloWorld/build/resources/test:/Users/pouyakarimi/workspace/helloWorld/build/classes/main:/Users/pouyakarimi/workspace/helloWorld/build/resources/main:/Users/pouyakarimi/.gradle/caches/modules-2/files-2.1/org.springframework.boot/spring-boot-starter-actuator/1.5.7.RELEASE/c8058080955524edbbacda602f25d1c5fdf2a3a9/spring-boot-starter-actuator-1.5.7.RELEASE.jar:/Users/pouyakarimi/.gradle/caches/modules-2/files-2.1/org.springframework.boot/spring-boot-starter-web/1.5.7.RELEASE/a862305be8b7512a41f6768d825ed37251ccbbe0/spring-boot-starter-web-1.5.7.RELEASE.jar:/Users/pouyakarimi/.gradle/caches/modules-2/files-2.1/org.flywaydb/flyway-core/4.2.0/1cbe078e49e81ef13b5eafd54552feac0a55c19e/flyway-core-4.2.0.jar:/Users/pouyakarimi/.gradle/caches/modules-2/files-2.1/org.springframework.boot/spring-boot-starter-test/1.5.7.RELEASE/d23f37a72c2d4e46aba66bc69a649213f9cadeee/spring-boot-starter-test-1.5.7.RELEASE.jar:/Users/pouyakarimi/.gradle/caches/modules-2/files-2.1/org.springframework.restdocs/spring-restdocs-core/1.2.1.RELEASE/97e10c064699c1cfc5c277e575ce7aaad898e010/spring-restdocs-core-1.2.1.RELEASE.jar:/Users/pouyakarimi/.gradle/caches/modules-2/files-2.1/org.springframework.restdocs/spring-restdocs-mockmvc/1.2.1.RELEASE/1c890adee97b7c14136b37d72b89ce59542fd045/spring-restdocs-mockmvc-1.2.1.RELEASE.jar:/Users/pouyakarimi/.gradle/caches/modules-2/files-2.1/org.springframework.boot/spring-boot-starter/1.5.7.RELEASE/b42fe6962dd8b3be4ac8c1d7134d0ca2d0a35c7e/spring-boot-starter-1.5.7.RELEASE.jar:/Users/pouyakarimi/.gradle/caches/modules-2/files-2.1/org.springframework.boot/spring-boot-actuator/1.5.7.RELEASE/ff3124e2359be5e6c0d9cc501bf214413a329fee/spring-boot-actuator-1.5.7.RELEASE.jar:/Users/pouyakarimi/.gradle/caches/modules-2/files-2.1/org.springframework.boot/spring-boot-starter-tomcat/1.5.7.RELEASE/eae533e2a0111a51d812912acb3d3e2368736d1b/spring-boot-starter-tomcat-1.5.7.RELEASE.jar:/Users/pouyakarimi/.gradle/caches/modules-2/files-2.1/org.hibernate/hibernate-validator/5.3.5.Final/622a9bcef2eed6d41b5b8e0662c36212009e375/hibernate-validator-5.3.5.Final.jar:/Users/pouyakarimi/.gradle/caches/modules-2/files-2.1/com.fasterxml.jackson.core/jackson-databind/2.8.10/f7b83cb2bc4b88d53961e749e1ad32f49ef017b7/jackson-databind-2.8.10.jar:/Users/pouyakarimi/.gradle/caches/modules-2/files-2.1/org.springframework/spring-web/4.3.11.RELEASE/50a3dfce550bdf9459dfb2c6282aa104b040258e/spring-web-4.3.11.RELEASE.jar:/Users/pouyakarimi/.gradle/caches/modules-2/files-2.1/org.springframework/spring-webmvc/4.3.11.RELEASE/814f91ec4dc324e724bbe7cbc5045b234604c539/spring-webmvc-4.3.11.RELEASE.jar:/Users/pouyakarimi/.gradle/caches/modules-2/files-2.1/org.springframework.boot/spring-boot-test/1.5.7.RELEASE/b8d77445d48f4320f404d8f13f4e5cb95bc36b30/spring-boot-test-1.5.7.RELEASE.jar:/Users/pouyakarimi/.gradle/caches/modules-2/files-2.1/org.springframework.boot/spring-boot-test-autoconfigure/1.5.7.RELEASE/8bead16b97c9f1b5fe7c47f3e030dd9351a6974d/spring-boot-test-autoconfigure-1.5.7.RELEASE.jar:/Users/pouyakarimi/.gradle/caches/modules-2/files-2.1/com.jayway.jsonpath/json-path/2.2.0/22290d17944bd239fabf5ac69005a60a7ecbbbcb/json-path-2.2.0.jar:/Users/pouyakarimi/.gradle/caches/modules-2/files-2.1/junit/junit/4.12/2973d150c0dc1fefe998f834810d68f278ea58ec/junit-4.12.jar:/Users/pouyakarimi/.gradle/caches/modules-2/files-2.1/org.assertj/assertj-core/2.6.0/b532c3fc4f66bcfee4989a3514f1cd56203a33ad/assertj-core-2.6.0.jar:/Users/pouyakarimi/.gradle/caches/modules-2/files-2.1/org.mockito/mockito-core/1.10.19/e8546f5bef4e061d8dd73895b4e8f40e3fe6effe/mockito-core-1.10.19.jar:/Users/pouyakarimi/.gradle/caches/modules-2/files-2.1/org.hamcrest/hamcrest-core/1.3/42a25dc3219429f0e5d060061f71acb49bf010a0/hamcrest-core-1.3.jar:/Users/pouyakarimi/.gradle/caches/modules-2/files-2.1/org.hamcrest/hamcrest-library/1.3/4785a3c21320980282f9f33d0d1264a69040538f/hamcrest-library-1.3.jar:/Users/pouyakarimi/.gradle/caches/modules-2/files-2.1/org.skyscreamer/jsonassert/1.4.0/9cdbb373a06f6513e51e8c545ee6a5e981463edb/jsonassert-1.4.0.jar:/Users/pouyakarimi/.gradle/caches/modules-2/files-2.1/org.springframework/spring-core/4.3.11.RELEASE/eb30ed093f628279d3aead068fd478fa343f1dad/spring-core-4.3.11.RELEASE.jar:/Users/pouyakarimi/.gradle/caches/modules-2/files-2.1/org.springframework/spring-test/4.3.11.RELEASE/cf765b5d6d6bdc38c67522ecae3fe9549da43e1/spring-test-4.3.11.RELEASE.jar:/Users/pouyakarimi/.gradle/caches/modules-2/files-2.1/javax.servlet/javax.servlet-api/3.1.0/3cd63d075497751784b2fa84be59432f4905bf7c/javax.servlet-api-3.1.0.jar:/Users/pouyakarimi/.gradle/caches/modules-2/files-2.1/org.springframework.boot/spring-boot/1.5.7.RELEASE/1006870df7b3dc203df7ce84463c5dd7049fdaa4/spring-boot-1.5.7.RELEASE.jar:/Users/pouyakarimi/.gradle/caches/modules-2/files-2.1/org.springframework.boot/spring-boot-autoconfigure/1.5.7.RELEASE/e83f1407ff991e9e7eb156f49fa19d868bb73289/spring-boot-autoconfigure-1.5.7.RELEASE.jar:/Users/pouyakarimi/.gradle/caches/modules-2/files-2.1/org.springframework.boot/spring-boot-starter-logging/1.5.7.RELEASE/c84c4ea09d7f789a0d5e936a961471e5dbd9295e/spring-boot-starter-logging-1.5.7.RELEASE.jar:/Users/pouyakarimi/.gradle/caches/modules-2/files-2.1/org.yaml/snakeyaml/1.17/7a27ea250c5130b2922b86dea63cbb1cc10a660c/snakeyaml-1.17.jar:/Users/pouyakarimi/.gradle/caches/modules-2/files-2.1/org.springframework/spring-context/4.3.11.RELEASE/3efec2d7c7469d49108a2b21c3f15831f7297569/spring-context-4.3.11.RELEASE.jar:/Users/pouyakarimi/.gradle/caches/modules-2/files-2.1/org.apache.tomcat.embed/tomcat-embed-core/8.5.20/b9026ee20f1f6a2b0fc3e51dd806d800901448b0/tomcat-embed-core-8.5.20.jar:/Users/pouyakarimi/.gradle/caches/modules-2/files-2.1/org.apache.tomcat.embed/tomcat-embed-el/8.5.20/42960f481a8a80f4ffd3b865c2232820e3565bf1/tomcat-embed-el-8.5.20.jar:/Users/pouyakarimi/.gradle/caches/modules-2/files-2.1/org.apache.tomcat.embed/tomcat-embed-websocket/8.5.20/4df9055507926a2651f691cc9964c50493a0ab29/tomcat-embed-websocket-8.5.20.jar:/Users/pouyakarimi/.gradle/caches/modules-2/files-2.1/javax.validation/validation-api/1.1.0.Final/8613ae82954779d518631e05daa73a6a954817d5/validation-api-1.1.0.Final.jar:/Users/pouyakarimi/.gradle/caches/modules-2/files-2.1/org.jboss.logging/jboss-logging/3.3.1.Final/c46217ab74b532568c0ed31dc599db3048bd1b67/jboss-logging-3.3.1.Final.jar:/Users/pouyakarimi/.gradle/caches/modules-2/files-2.1/com.fasterxml/classmate/1.3.4/3d5f48f10bbe4eb7bd862f10c0583be2e0053c6/classmate-1.3.4.jar:/Users/pouyakarimi/.gradle/caches/modules-2/files-2.1/com.fasterxml.jackson.core/jackson-annotations/2.8.0/45b426f7796b741035581a176744d91090e2e6fb/jackson-annotations-2.8.0.jar:/Users/pouyakarimi/.gradle/caches/modules-2/files-2.1/com.fasterxml.jackson.core/jackson-core/2.8.10/eb21a035c66ad307e66ec8fce37f5d50fd62d039/jackson-core-2.8.10.jar:/Users/pouyakarimi/.gradle/caches/modules-2/files-2.1/org.springframework/spring-aop/4.3.11.RELEASE/461d0bb58f1de30203d9331adf4b51de9554de5a/spring-aop-4.3.11.RELEASE.jar:/Users/pouyakarimi/.gradle/caches/modules-2/files-2.1/org.springframework/spring-beans/4.3.11.RELEASE/591cc35fd39292adae13f01aa13e978d0bb11936/spring-beans-4.3.11.RELEASE.jar:/Users/pouyakarimi/.gradle/caches/modules-2/files-2.1/org.springframework/spring-expression/4.3.11.RELEASE/fca662a2fccdad90ec22b2aaecb021047dcbe249/spring-expression-4.3.11.RELEASE.jar:/Users/pouyakarimi/.gradle/caches/modules-2/files-2.1/net.minidev/json-smart/2.2.1/5b9e5df7a62d1279b70dc882b041d249c4f0b002/json-smart-2.2.1.jar:/Users/pouyakarimi/.gradle/caches/modules-2/files-2.1/org.slf4j/slf4j-api/1.7.25/da76ca59f6a57ee3102f8f9bd9cee742973efa8a/slf4j-api-1.7.25.jar:/Users/pouyakarimi/.gradle/caches/modules-2/files-2.1/org.objenesis/objenesis/2.1/87c0ea803b69252868d09308b4618f766f135a96/objenesis-2.1.jar:/Users/pouyakarimi/.gradle/caches/modules-2/files-2.1/com.vaadin.external.google/android-json/0.0.20131108.vaadin1/fa26d351fe62a6a17f5cda1287c1c6110dec413f/android-json-0.0.20131108.vaadin1.jar:/Users/pouyakarimi/.gradle/caches/modules-2/files-2.1/ch.qos.logback/logback-classic/1.1.11/ccedfbacef4a6515d2983e3f89ed753d5d4fb665/logback-classic-1.1.11.jar:/Users/pouyakarimi/.gradle/caches/modules-2/files-2.1/org.slf4j/jcl-over-slf4j/1.7.25/f8c32b13ff142a513eeb5b6330b1588dcb2c0461/jcl-over-slf4j-1.7.25.jar:/Users/pouyakarimi/.gradle/caches/modules-2/files-2.1/org.slf4j/jul-to-slf4j/1.7.25/af5364cd6679bfffb114f0dec8a157aaa283b76/jul-to-slf4j-1.7.25.jar:/Users/pouyakarimi/.gradle/caches/modules-2/files-2.1/org.slf4j/log4j-over-slf4j/1.7.25/a87bb47468f47ee7aabbd54f93e133d4215769c3/log4j-over-slf4j-1.7.25.jar:/Users/pouyakarimi/.gradle/caches/modules-2/files-2.1/net.minidev/accessors-smart/1.1/a527213f2fea112a04c9bdf0ec0264e34104cd08/accessors-smart-1.1.jar:/Users/pouyakarimi/.gradle/caches/modules-2/files-2.1/ch.qos.logback/logback-core/1.1.11/88b8df40340eed549fb07e2613879bf6b006704d/logback-core-1.1.11.jar:/Users/pouyakarimi/.gradle/caches/modules-2/files-2.1/org.ow2.asm/asm/5.0.3/dcc2193db20e19e1feca8b1240dbbc4e190824fa/asm-5.0.3.jar, user.name=pouyakarimi, java.vm.specification.version=1.8, sun.java.command=worker.org.gradle.process.internal.worker.GradleWorkerMain 'Gradle Test Executor 1', java.home=/Library/Java/JavaVirtualMachines/jdk1.8.0_121.jdk/Contents/Home/jre, sun.arch.data.model=64, user.language=en, java.specification.vendor=Oracle Corporation, awt.toolkit=sun.lwawt.macosx.LWCToolkit, java.vm.info=mixed mode, java.version=1.8.0_121, java.ext.dirs=/Users/pouyakarimi/Library/Java/Extensions:/Library/Java/JavaVirtualMachines/jdk1.8.0_121.jdk/Contents/Home/jre/lib/ext:/Library/Java/Extensions:/Network/Library/Java/Extensions:/System/Library/Java/Extensions:/usr/lib/java, sun.boot.class.path=/Library/Java/JavaVirtualMachines/jdk1.8.0_121.jdk/Contents/Home/jre/lib/resources.jar:/Library/Java/JavaVirtualMachines/jdk1.8.0_121.jdk/Contents/Home/jre/lib/rt.jar:/Library/Java/JavaVirtualMachines/jdk1.8.0_121.jdk/Contents/Home/jre/lib/sunrsasign.jar:/Library/Java/JavaVirtualMachines/jdk1.8.0_121.jdk/Contents/Home/jre/lib/jsse.jar:/Library/Java/JavaVirtualMachines/jdk1.8.0_121.jdk/Contents/Home/jre/lib/jce.jar:/Library/Java/JavaVirtualMachines/jdk1.8.0_121.jdk/Contents/Home/jre/lib/charsets.jar:/Library/Java/JavaVirtualMachines/jdk1.8.0_121.jdk/Contents/Home/jre/lib/jfr.jar:/Library/Java/JavaVirtualMachines/jdk1.8.0_121.jdk/Contents/Home/jre/classes, java.vendor=Oracle Corporation, org.gradle.test.worker=1, file.separator=/, java.vendor.url.bug=http://bugreport.sun.com/bugreport/, sun.io.unicode.encoding=UnicodeBig, sun.cpu.endian=little, socksNonProxyHosts=local|*.local|169.254/16|*.169.254/16|localhost|*.localhost, ftp.nonProxyHosts=local|*.local|169.254/16|*.169.254/16|localhost|*.localhost, sun.cpu.isalist=}}, SystemEnvironmentPropertySource@1194432574 {name='systemEnvironment', properties={PATH=/usr/local/bin:/usr/bin:/bin:/usr/sbin:/sbin, HISTCONTROL=ignorespace:erasedups, JAVA_ARCH=x86_64, GIT_DUET_ROTATING_AUTHORS=1, GREP_COLOR=1;33, HISTSIZE=5000, TERM=xterm-256color, BASH_IT=/Users/pouyakarimi/.bash_it, COMMAND_MODE=unix2003, APP_NAME_34954=Gradle, IRC_CLIENT=irssi, PHANTOMJS_BIN=/usr/local/lib/node_modules/phantomjs/lib/phantom/bin/phantomjs, AUTOFEATURE=true autotest, BASH_IT_THEME=bobby, JAVA_MAIN_CLASS_34954=org.gradle.wrapper.GradleWrapperMain, LOGNAME=pouyakarimi, PWD=/Users/pouyakarimi/workspace/helloWorld, XPC_SERVICE_NAME=0, TODO=t, SHELL=/bin/bash, GIT_HOSTING=git@git.domain.com, LSCOLORS=Gxfxcxdxdxegedabagacad, APP_ICON_34954=/Users/pouyakarimi/workspace/helloWorld/media/gradle.icns, SCM_CHECK=true, OLDPWD=/Users/pouyakarimi/workspace/helloWorld, SECURITYSESSIONID=186a7, USER=pouyakarimi, TMPDIR=/var/folders/5t/1f1_6spj55l2rgzj48c9c3xw0000gp/T/, SSH_AUTH_SOCK=/private/tmp/com.apple.launchd.MiuLe8TxbO/Listeners, XPC_FLAGS=0x0, JAVA_MAIN_CLASS_34967=worker.org.gradle.process.internal.worker.GradleWorkerMain, __CF_USER_TEXT_ENCODING=0x1F6:0x0:0x0, Apple_PubSub_Socket_Render=/private/tmp/com.apple.launchd.voO7cuZRIZ/Render, com.apple.java.jvmTask=CommandLine, LC_CTYPE=en_US.UTF-8, SHLVL=1, HOME=/Users/pouyakarimi}}]
14:34:36.173 [Test worker] DEBUG org.springframework.core.env.MutablePropertySources - Adding PropertySource 'inline' with highest search precedence
14:34:36.178 [Test worker] DEBUG org.springframework.test.context.support.TestPropertySourceUtils - Adding inlined properties to environment: {spring.jmx.enabled=false, org.springframework.boot.test.context.SpringBootTestContextBootstrapper=true, server.port=-1}
14:34:36.179 [Test worker] DEBUG org.springframework.core.env.StandardEnvironment - Adding PropertySource 'Inlined Test Properties' with highest search precedence

  .   ____          _            __ _ _
 /\\ / ___'_ __ _ _(_)_ __  __ _ \ \ \ \
( ( )\___ | '_ | '_| | '_ \/ _` | \ \ \ \
 \\/  ___)| |_)| | | | | || (_| |  ) ) ) )
  '  |____| .__|_| |_|_| |_\__, | / / / /
 =========|_|==============|___/=/_/_/_/
 :: Spring Boot ::        (v1.5.7.RELEASE)

2017-09-20 14:34:36.418  INFO 34967 --- [    Test worker] c.f.c.h.i.HelloWorldIntegrationTest      : Starting HelloWorldIntegrationTest on ML-C02SV03GH03Q with PID 34967 (started by pouyakarimi in /Users/pouyakarimi/workspace/helloWorld)
2017-09-20 14:34:36.419  INFO 34967 --- [    Test worker] c.f.c.h.i.HelloWorldIntegrationTest      : No active profile set, falling back to default profiles: default
2017-09-20 14:34:36.437  INFO 34967 --- [    Test worker] o.s.w.c.s.GenericWebApplicationContext   : Refreshing org.springframework.web.context.support.GenericWebApplicationContext@74e48a6a: startup date [Wed Sep 20 14:34:36 PDT 2017]; root of context hierarchy
2017-09-20 14:34:37.696  INFO 34967 --- [    Test worker] o.s.b.t.m.w.SpringBootMockServletContext : Initializing Spring FrameworkServlet ''
2017-09-20 14:34:37.696  INFO 34967 --- [    Test worker] o.s.t.web.servlet.TestDispatcherServlet  : FrameworkServlet '': initialization started
2017-09-20 14:34:37.842  INFO 34967 --- [    Test worker] s.w.s.m.m.a.RequestMappingHandlerMapping : Mapped "{[/greeting]}" onto public java.lang.String com.farmers.css.helloworld.controller.HelloWorldController.greeting()
2017-09-20 14:34:37.846  INFO 34967 --- [    Test worker] s.w.s.m.m.a.RequestMappingHandlerMapping : Mapped "{[/error]}" onto public org.springframework.http.ResponseEntity<java.util.Map<java.lang.String, java.lang.Object>> org.springframework.boot.autoconfigure.web.BasicErrorController.error(javax.servlet.http.HttpServletRequest)
2017-09-20 14:34:37.846  INFO 34967 --- [    Test worker] s.w.s.m.m.a.RequestMappingHandlerMapping : Mapped "{[/error],produces=[text/html]}" onto public org.springframework.web.servlet.ModelAndView org.springframework.boot.autoconfigure.web.BasicErrorController.errorHtml(javax.servlet.http.HttpServletRequest,javax.servlet.http.HttpServletResponse)
2017-09-20 14:34:37.876  INFO 34967 --- [    Test worker] o.s.w.s.handler.SimpleUrlHandlerMapping  : Mapped URL path [/webjars/**] onto handler of type [class org.springframework.web.servlet.resource.ResourceHttpRequestHandler]
2017-09-20 14:34:37.877  INFO 34967 --- [    Test worker] o.s.w.s.handler.SimpleUrlHandlerMapping  : Mapped URL path [/**] onto handler of type [class org.springframework.web.servlet.resource.ResourceHttpRequestHandler]
2017-09-20 14:34:37.889  INFO 34967 --- [    Test worker] o.s.w.s.handler.SimpleUrlHandlerMapping  : Mapped URL path [/**/favicon.ico] onto handler of type [class org.springframework.web.servlet.resource.ResourceHttpRequestHandler]
2017-09-20 14:34:38.042  INFO 34967 --- [    Test worker] o.s.b.a.e.mvc.EndpointHandlerMapping     : Mapped "{[/beans || /beans.json],methods=[GET],produces=[application/vnd.spring-boot.actuator.v1+json || application/json]}" onto public java.lang.Object org.springframework.boot.actuate.endpoint.mvc.EndpointMvcAdapter.invoke()
2017-09-20 14:34:38.043  INFO 34967 --- [    Test worker] o.s.b.a.e.mvc.EndpointHandlerMapping     : Mapped "{[/metrics/{name:.*}],methods=[GET],produces=[application/vnd.spring-boot.actuator.v1+json || application/json]}" onto public java.lang.Object org.springframework.boot.actuate.endpoint.mvc.MetricsMvcEndpoint.value(java.lang.String)
2017-09-20 14:34:38.044  INFO 34967 --- [    Test worker] o.s.b.a.e.mvc.EndpointHandlerMapping     : Mapped "{[/metrics || /metrics.json],methods=[GET],produces=[application/vnd.spring-boot.actuator.v1+json || application/json]}" onto public java.lang.Object org.springframework.boot.actuate.endpoint.mvc.EndpointMvcAdapter.invoke()
2017-09-20 14:34:38.045  INFO 34967 --- [    Test worker] o.s.b.a.e.mvc.EndpointHandlerMapping     : Mapped "{[/health || /health.json],methods=[GET],produces=[application/vnd.spring-boot.actuator.v1+json || application/json]}" onto public java.lang.Object org.springframework.boot.actuate.endpoint.mvc.HealthMvcEndpoint.invoke(javax.servlet.http.HttpServletRequest,java.security.Principal)
2017-09-20 14:34:38.046  INFO 34967 --- [    Test worker] o.s.b.a.e.mvc.EndpointHandlerMapping     : Mapped "{[/heapdump || /heapdump.json],methods=[GET],produces=[application/octet-stream]}" onto public void org.springframework.boot.actuate.endpoint.mvc.HeapdumpMvcEndpoint.invoke(boolean,javax.servlet.http.HttpServletRequest,javax.servlet.http.HttpServletResponse) throws java.io.IOException,javax.servlet.ServletException
2017-09-20 14:34:38.047  INFO 34967 --- [    Test worker] o.s.b.a.e.mvc.EndpointHandlerMapping     : Mapped "{[/configprops || /configprops.json],methods=[GET],produces=[application/vnd.spring-boot.actuator.v1+json || application/json]}" onto public java.lang.Object org.springframework.boot.actuate.endpoint.mvc.EndpointMvcAdapter.invoke()
2017-09-20 14:34:38.048  INFO 34967 --- [    Test worker] o.s.b.a.e.mvc.EndpointHandlerMapping     : Mapped "{[/dump || /dump.json],methods=[GET],produces=[application/vnd.spring-boot.actuator.v1+json || application/json]}" onto public java.lang.Object org.springframework.boot.actuate.endpoint.mvc.EndpointMvcAdapter.invoke()
2017-09-20 14:34:38.048  INFO 34967 --- [    Test worker] o.s.b.a.e.mvc.EndpointHandlerMapping     : Mapped "{[/mappings || /mappings.json],methods=[GET],produces=[application/vnd.spring-boot.actuator.v1+json || application/json]}" onto public java.lang.Object org.springframework.boot.actuate.endpoint.mvc.EndpointMvcAdapter.invoke()
2017-09-20 14:34:38.049  INFO 34967 --- [    Test worker] o.s.b.a.e.mvc.EndpointHandlerMapping     : Mapped "{[/auditevents || /auditevents.json],methods=[GET],produces=[application/vnd.spring-boot.actuator.v1+json || application/json]}" onto public org.springframework.http.ResponseEntity<?> org.springframework.boot.actuate.endpoint.mvc.AuditEventsMvcEndpoint.findByPrincipalAndAfterAndType(java.lang.String,java.util.Date,java.lang.String)
2017-09-20 14:34:38.051  INFO 34967 --- [    Test worker] o.s.b.a.e.mvc.EndpointHandlerMapping     : Mapped "{[/autoconfig || /autoconfig.json],methods=[GET],produces=[application/vnd.spring-boot.actuator.v1+json || application/json]}" onto public java.lang.Object org.springframework.boot.actuate.endpoint.mvc.EndpointMvcAdapter.invoke()
2017-09-20 14:34:38.053  INFO 34967 --- [    Test worker] o.s.b.a.e.mvc.EndpointHandlerMapping     : Mapped "{[/loggers/{name:.*}],methods=[GET],produces=[application/vnd.spring-boot.actuator.v1+json || application/json]}" onto public java.lang.Object org.springframework.boot.actuate.endpoint.mvc.LoggersMvcEndpoint.get(java.lang.String)
2017-09-20 14:34:38.054  INFO 34967 --- [    Test worker] o.s.b.a.e.mvc.EndpointHandlerMapping     : Mapped "{[/loggers/{name:.*}],methods=[POST],consumes=[application/vnd.spring-boot.actuator.v1+json || application/json],produces=[application/vnd.spring-boot.actuator.v1+json || application/json]}" onto public java.lang.Object org.springframework.boot.actuate.endpoint.mvc.LoggersMvcEndpoint.set(java.lang.String,java.util.Map<java.lang.String, java.lang.String>)
2017-09-20 14:34:38.054  INFO 34967 --- [    Test worker] o.s.b.a.e.mvc.EndpointHandlerMapping     : Mapped "{[/loggers || /loggers.json],methods=[GET],produces=[application/vnd.spring-boot.actuator.v1+json || application/json]}" onto public java.lang.Object org.springframework.boot.actuate.endpoint.mvc.EndpointMvcAdapter.invoke()
2017-09-20 14:34:38.055  INFO 34967 --- [    Test worker] o.s.b.a.e.mvc.EndpointHandlerMapping     : Mapped "{[/info || /info.json],methods=[GET],produces=[application/vnd.spring-boot.actuator.v1+json || application/json]}" onto public java.lang.Object org.springframework.boot.actuate.endpoint.mvc.EndpointMvcAdapter.invoke()
2017-09-20 14:34:38.055  INFO 34967 --- [    Test worker] o.s.b.a.e.mvc.EndpointHandlerMapping     : Mapped "{[/env/{name:.*}],methods=[GET],produces=[application/vnd.spring-boot.actuator.v1+json || application/json]}" onto public java.lang.Object org.springframework.boot.actuate.endpoint.mvc.EnvironmentMvcEndpoint.value(java.lang.String)
2017-09-20 14:34:38.056  INFO 34967 --- [    Test worker] o.s.b.a.e.mvc.EndpointHandlerMapping     : Mapped "{[/env || /env.json],methods=[GET],produces=[application/vnd.spring-boot.actuator.v1+json || application/json]}" onto public java.lang.Object org.springframework.boot.actuate.endpoint.mvc.EndpointMvcAdapter.invoke()
2017-09-20 14:34:38.056  INFO 34967 --- [    Test worker] o.s.b.a.e.mvc.EndpointHandlerMapping     : Mapped "{[/trace || /trace.json],methods=[GET],produces=[application/vnd.spring-boot.actuator.v1+json || application/json]}" onto public java.lang.Object org.springframework.boot.actuate.endpoint.mvc.EndpointMvcAdapter.invoke()
2017-09-20 14:34:38.186  INFO 34967 --- [    Test worker] s.w.s.m.m.a.RequestMappingHandlerAdapter : Looking for @ControllerAdvice: org.springframework.web.context.support.GenericWebApplicationContext@74e48a6a: startup date [Wed Sep 20 14:34:36 PDT 2017]; root of context hierarchy
2017-09-20 14:34:38.262  INFO 34967 --- [    Test worker] o.s.t.web.servlet.TestDispatcherServlet  : FrameworkServlet '': initialization completed in 565 ms
2017-09-20 14:34:38.480  INFO 34967 --- [    Test worker] c.f.c.h.i.HelloWorldIntegrationTest      : Started HelloWorldIntegrationTest in 2.289 seconds (JVM running for 3.145)
2017-09-20 14:34:38.534  INFO 34967 --- [    Test worker] o.s.b.t.m.w.SpringBootMockServletContext : Initializing Spring FrameworkServlet ''
2017-09-20 14:34:38.535  INFO 34967 --- [    Test worker] o.s.t.web.servlet.TestDispatcherServlet  : FrameworkServlet '': initialization started
2017-09-20 14:34:38.537  INFO 34967 --- [    Test worker] o.s.t.web.servlet.TestDispatcherServlet  : FrameworkServlet '': initialization completed in 2 ms
]]></system-out>
  <system-err><![CDATA[]]></system-err>
</testsuite>
