<?xml version="1.0" encoding="UTF-8"?>
<testsuite name="com.farmers.css.helloworld.controller.HelloWorldControllerTest" tests="1" skipped="0" failures="0" errors="0" timestamp="2017-09-20T21:34:35" hostname="ML-C02SV03GH03Q" time="0.056">
  <properties/>
  <testcase name="greeting" classname="com.farmers.css.helloworld.controller.HelloWorldControllerTest" time="0.056"/>
  <system-out><![CDATA[]]></system-out>
  <system-err><![CDATA[]]></system-err>
</testsuite>
